Arguments: 
  /usr/local/bin/node /usr/local/Cellar/yarn/1.15.2/libexec/bin/yarn.js

PATH: 
  /anaconda3/bin:/opt/local/bin:/opt/local/sbin:/Library/Frameworks/Python.framework/Versions/3.6/bin:/Applications/MAMP/bin/php/php7.2.10/bin:/usr/local/bin:/usr/bin:/bin:/usr/sbin:/sbin:/Users/abhishekmathur/Library/Android/sdk/platform-tools:/usr/local/share/dotnet:/usr/local/go/bin:/Library/Frameworks/Mono.framework/Versions/Current/Commands:/Applications/Xamarin Workbooks.app/Contents/SharedSupport/path-bin:/Users/abhishekmathur/Downloads/ang/ap/node_modules/.bin

Yarn version: 
  1.15.2

Node version: 
  9.4.0

Platform: 
  darwin x64

Trace: 
  Error: getaddrinfo ENOTFOUND registry.yarnpkg.com registry.yarnpkg.com:443
      at errnoException (dns.js:55:10)
      at GetAddrInfoReqWrap.onlookup [as oncomplete] (dns.js:97:26)

npm manifest: 
  {
    "name": "salesforce_analytics",
    "version": "1.0.0",
    "description": "Salesforce app in node",
    "main": "index.js",
    "scripts": {
      "test": "echo \"Error: no test specified\" && exit 1"
    },
    "repository": {
      "type": "git",
      "url": "git+https://github.com/kurmanka/angularjs-routing-demo.git"
    },
    "author": "mathur17021play@gmail.com",
    "license": "ISC",
    "bugs": {
      "url": "https://github.com/kurmanka/angularjs-routing-demo/issues"
    },
    "nodemonConfig": {
      "ignore": [
        "sessions/*",
        "data/*"
      ]
    },
    "homepage": "https://github.com/kurmanka/angularjs-routing-demo#readme",
    "dependencies": {
      "@jeffbski/parquetjs": "^0.10.1",
      "aws-sdk": "^2.422.0",
      "axios": "^0.18.0",
      "body-parser": "^1.18.3",
      "cookie-session": "^1.3.3",
      "dynamodb-doc": "^1.0.0",
      "ejs": "^2.6.1",
      "error-log-file": "^1.0.5",
      "express": "^4.16.4",
      "express-session": "^1.15.6",
      "jsforce": "^1.9.1",
      "load-json-file": "^5.2.0",
      "lodash": "^4.17.11",
      "node-inspector": "^0.7.5",
      "pug": "^2.0.3",
      "session-file-store": "^1.2.0",
      "underscore": "^1.9.1",
      "write-json-file": "^3.1.0"
    }
  }

yarn manifest: 
  No manifest

Lockfile: 
  No lockfile
